<?xml version="1.0" encoding="UTF-8"?>
<coverage generated="1592227048337" clover="3.2.0">
  <project timestamp="1592227048337" name="All files">
    <metrics statements="12" coveredstatements="12" conditionals="11" coveredconditionals="11" methods="3" coveredmethods="3" elements="26" coveredelements="26" complexity="0" loc="12" ncloc="12" packages="1" files="1" classes="1"/>
    <file name="memoization.js" path="/Users/emech/Projects/memoization/memoization.js">
      <metrics statements="12" coveredstatements="12" conditionals="11" coveredconditionals="11" methods="3" coveredmethods="3"/>
      <line num="30" count="8" type="cond" truecount="2" falsecount="0"/>
      <line num="31" count="2" type="stmt"/>
      <line num="32" count="6" type="stmt"/>
      <line num="36" count="8" type="cond" truecount="2" falsecount="0"/>
      <line num="41" count="3" type="stmt"/>
      <line num="44" count="5" type="stmt"/>
      <line num="45" count="5" type="stmt"/>
      <line num="46" count="17" type="stmt"/>
      <line num="48" count="17" type="cond" truecount="4" falsecount="0"/>
      <line num="49" count="11" type="stmt"/>
      <line num="55" count="17" type="stmt"/>
      <line num="59" count="1" type="stmt"/>
    </file>
  </project>
</coverage>
