<?xml version="1.0" encoding="UTF-8"?>
<coverage generated="1592302526931" clover="3.2.0">
  <project timestamp="1592302526931" name="All files">
    <metrics statements="15" coveredstatements="15" conditionals="13" coveredconditionals="13" methods="4" coveredmethods="4" elements="32" coveredelements="32" complexity="0" loc="15" ncloc="15" packages="1" files="1" classes="1"/>
    <file name="memoization.js" path="/Users/emech/Projects/memoization/memoization.js">
      <metrics statements="15" coveredstatements="15" conditionals="13" coveredconditionals="13" methods="4" coveredmethods="4"/>
      <line num="30" count="10" type="cond" truecount="2" falsecount="0"/>
      <line num="31" count="3" type="stmt"/>
      <line num="32" count="11" type="stmt"/>
      <line num="36" count="10" type="cond" truecount="2" falsecount="0"/>
      <line num="41" count="3" type="stmt"/>
      <line num="45" count="7" type="stmt"/>
      <line num="46" count="7" type="stmt"/>
      <line num="47" count="27" type="stmt"/>
      <line num="50" count="27" type="cond" truecount="2" falsecount="0"/>
      <line num="51" count="11" type="stmt"/>
      <line num="54" count="27" type="cond" truecount="4" falsecount="0"/>
      <line num="55" count="17" type="stmt"/>
      <line num="58" count="9" type="stmt"/>
      <line num="62" count="27" type="stmt"/>
      <line num="66" count="1" type="stmt"/>
    </file>
  </project>
</coverage>
