{"/Users/emech/Projects/memoization/memoizaton.js": {"path":"/Users/emech/Projects/memoization/memoizaton.js","statementMap":{"0":{"start":{"line":31,"column":16},"end":{"line":31,"column":18}},"1":{"start":{"line":32,"column":2},"end":{"line":43,"column":4}},"2":{"start":{"line":33,"column":16},"end":{"line":33,"column":33}},"3":{"start":{"line":35,"column":4},"end":{"line":40,"column":5}},"4":{"start":{"line":36,"column":6},"end":{"line":39,"column":8}},"5":{"start":{"line":42,"column":4},"end":{"line":42,"column":28}},"6":{"start":{"line":46,"column":0},"end":{"line":48,"column":2}}},"fnMap":{"0":{"name":"memoize","decl":{"start":{"line":28,"column":9},"end":{"line":28,"column":16}},"loc":{"start":{"line":28,"column":42},"end":{"line":44,"column":1}},"line":28},"1":{"name":"(anonymous_1)","decl":{"start":{"line":32,"column":9},"end":{"line":32,"column":10}},"loc":{"start":{"line":32,"column":22},"end":{"line":43,"column":3}},"line":32}},"branchMap":{"0":{"loc":{"start":{"line":35,"column":4},"end":{"line":40,"column":5}},"type":"if","locations":[{"start":{"line":35,"column":4},"end":{"line":40,"column":5}},{"start":{"line":35,"column":4},"end":{"line":40,"column":5}}],"line":35},"1":{"loc":{"start":{"line":35,"column":8},"end":{"line":35,"column":56}},"type":"binary-expr","locations":[{"start":{"line":35,"column":8},"end":{"line":35,"column":19}},{"start":{"line":35,"column":23},"end":{"line":35,"column":56}}],"line":35}},"s":{"0":1,"1":1,"2":4,"3":4,"4":2,"5":4,"6":1},"f":{"0":1,"1":4},"b":{"0":[2,2],"1":[4,3]},"_coverageSchema":"1a1c01bbd47fc00a2c39e90264f33305004495a9","hash":"b945eda1ce8e0c7f6ef6433cafc2f09d96aad478"}
}
