{"/Users/emech/Projects/memoization/memoization.js": {"path":"/Users/emech/Projects/memoization/memoization.js","statementMap":{"0":{"start":{"line":30,"column":2},"end":{"line":33,"column":3}},"1":{"start":{"line":31,"column":4},"end":{"line":31,"column":23}},"2":{"start":{"line":32,"column":4},"end":{"line":32,"column":36}},"3":{"start":{"line":32,"column":28},"end":{"line":32,"column":35}},"4":{"start":{"line":36,"column":2},"end":{"line":42,"column":3}},"5":{"start":{"line":41,"column":4},"end":{"line":41,"column":77}},"6":{"start":{"line":44,"column":16},"end":{"line":44,"column":18}},"7":{"start":{"line":45,"column":2},"end":{"line":56,"column":4}},"8":{"start":{"line":46,"column":16},"end":{"line":46,"column":33}},"9":{"start":{"line":48,"column":4},"end":{"line":53,"column":5}},"10":{"start":{"line":49,"column":6},"end":{"line":52,"column":8}},"11":{"start":{"line":55,"column":4},"end":{"line":55,"column":28}},"12":{"start":{"line":59,"column":0},"end":{"line":61,"column":2}}},"fnMap":{"0":{"name":"memoize","decl":{"start":{"line":28,"column":9},"end":{"line":28,"column":16}},"loc":{"start":{"line":28,"column":42},"end":{"line":57,"column":1}},"line":28},"1":{"name":"(anonymous_1)","decl":{"start":{"line":32,"column":15},"end":{"line":32,"column":16}},"loc":{"start":{"line":32,"column":28},"end":{"line":32,"column":35}},"line":32},"2":{"name":"(anonymous_2)","decl":{"start":{"line":45,"column":9},"end":{"line":45,"column":10}},"loc":{"start":{"line":45,"column":22},"end":{"line":56,"column":3}},"line":45}},"branchMap":{"0":{"loc":{"start":{"line":30,"column":2},"end":{"line":33,"column":3}},"type":"if","locations":[{"start":{"line":30,"column":2},"end":{"line":33,"column":3}},{"start":{"line":30,"column":2},"end":{"line":33,"column":3}}],"line":30},"1":{"loc":{"start":{"line":36,"column":2},"end":{"line":42,"column":3}},"type":"if","locations":[{"start":{"line":36,"column":2},"end":{"line":42,"column":3}},{"start":{"line":36,"column":2},"end":{"line":42,"column":3}}],"line":36},"2":{"loc":{"start":{"line":37,"column":4},"end":{"line":39,"column":31}},"type":"binary-expr","locations":[{"start":{"line":37,"column":4},"end":{"line":37,"column":30}},{"start":{"line":38,"column":4},"end":{"line":38,"column":34}},{"start":{"line":39,"column":4},"end":{"line":39,"column":31}}],"line":37},"3":{"loc":{"start":{"line":48,"column":4},"end":{"line":53,"column":5}},"type":"if","locations":[{"start":{"line":48,"column":4},"end":{"line":53,"column":5}},{"start":{"line":48,"column":4},"end":{"line":53,"column":5}}],"line":48},"4":{"loc":{"start":{"line":48,"column":8},"end":{"line":48,"column":56}},"type":"binary-expr","locations":[{"start":{"line":48,"column":8},"end":{"line":48,"column":19}},{"start":{"line":48,"column":23},"end":{"line":48,"column":56}}],"line":48}},"s":{"0":8,"1":2,"2":2,"3":6,"4":8,"5":3,"6":5,"7":5,"8":17,"9":17,"10":11,"11":17,"12":1},"f":{"0":8,"1":6,"2":17},"b":{"0":[2,6],"1":[3,5],"2":[8,7,5],"3":[11,6],"4":[17,10]},"_coverageSchema":"1a1c01bbd47fc00a2c39e90264f33305004495a9","hash":"d1936f1f5c54404d3674cea6be30b7f29c19776b"}
}
