TN:
SF:memoization.js
FN:28,memoize
FN:32,(anonymous_1)
FN:46,(anonymous_2)
FN:58,(anonymous_3)
FNF:4
FNH:4
FNDA:10,memoize
FNDA:11,(anonymous_1)
FNDA:27,(anonymous_2)
FNDA:9,(anonymous_3)
DA:30,10
DA:31,3
DA:32,11
DA:36,10
DA:41,3
DA:45,7
DA:46,7
DA:47,27
DA:50,27
DA:51,11
DA:54,27
DA:55,17
DA:58,9
DA:62,27
DA:66,1
LF:15
LH:15
BRDA:30,0,0,3
BRDA:30,0,1,7
BRDA:36,1,0,3
BRDA:36,1,1,7
BRDA:37,2,0,10
BRDA:37,2,1,9
BRDA:37,2,2,7
BRDA:50,3,0,11
BRDA:50,3,1,16
BRDA:54,4,0,17
BRDA:54,4,1,10
BRDA:54,5,0,27
BRDA:54,5,1,10
BRF:13
BRH:13
end_of_record
